#
# There is insufficient memory for the Java Runtime Environment to continue.
# Native memory allocation (malloc) failed to allocate 110720 bytes for Chunk::new
# Possible reasons:
#   The system is out of physical RAM or swap space
#   The process is running with CompressedOops enabled, and the Java Heap may be blocking the growth of the native heap
# Possible solutions:
#   Reduce memory load on the system
#   Increase physical memory or swap space
#   Check if swap backing store is full
#   Decrease Java heap size (-Xmx/-Xms)
#   Decrease number of Java threads
#   Decrease Java thread stack sizes (-Xss)
#   Set larger code cache with -XX:ReservedCodeCacheSize=
#   JVM is running with Unscaled Compressed Oops mode in which the Java heap is
#     placed in the first 4GB address space. The Java Heap base address is the
#     maximum limit for the native heap growth. Please use -XX:HeapBaseMinAddress
#     to set the Java Heap base and to place the Java Heap above 4GB virtual address.
# This output file may be truncated or incomplete.
#
#  Out of Memory Error (arena.cpp:195), pid=7660, tid=6796
#
# JRE version: OpenJDK Runtime Environment (16.0.1+9) (build 16.0.1+9-24)
# Java VM: OpenJDK 64-Bit Server VM (16.0.1+9-24, mixed mode, tiered, compressed oops, compressed class ptrs, g1 gc, windows-amd64)
# No core dump will be written. Minidumps are not enabled by default on client versions of Windows
#

---------------  S U M M A R Y ------------

Command Line: -ea -Dfile.encoding=Cp1252 -XX:+ShowCodeDetailsInExceptionMessages org.testng.remote.RemoteTestNG -serport 58686 -protocol json -d D:\workspace\SDET34L1\test-output D:\workspace\SDET34L1\testng.xml

Host: Intel(R) Core(TM) i5-2450M CPU @ 2.50GHz, 4 cores, 3G,  Windows 7 , 64 bit Build 7601 (6.1.7601.17514)
Time: Thu May 19 16:46:25 2022 India Standard Time elapsed time: 29.778868 seconds (0d 0h 0m 29s)

---------------  T H R E A D  ---------------

Current thread (0x000000005a549d80):  JavaThread "C2 CompilerThread0" daemon [_thread_in_native, id=6796, stack(0x000000005b800000,0x000000005b900000)]


Current CompileTask:
C2:  29778 3263 %     4       sun.nio.cs.UTF_8$Encoder::encodeArrayLoop @ 73 (489 bytes)

Stack: [0x000000005b800000,0x000000005b900000]
Native frames: (J=compiled Java code, j=interpreted, Vv=VM code, C=native code)
V  [jvm.dll+0x6687ca]
V  [jvm.dll+0x7ca3c9]
V  [jvm.dll+0x7cbb53]
V  [jvm.dll+0x7cc1b3]
V  [jvm.dll+0x242ea5]
V  [jvm.dll+0xadeca]
V  [jvm.dll+0xae5ac]
V  [jvm.dll+0x35af27]
V  [jvm.dll+0x3253d1]
V  [jvm.dll+0x32487a]
V  [jvm.dll+0x215f3c]
V  [jvm.dll+0x215350]
V  [jvm.dll+0x1a1d9b]
V  [jvm.dll+0x2253a8]
V  [jvm.dll+0x2233ec]
V  [jvm.dll+0x780002]
V  [jvm.dll+0x779b4a]
V  [jvm.dll+0x667666]
C  [ucrtbase.DLL+0x1d912]
C  [kernel32.dll+0x1652d]
C  [ntdll.dll+0x2c521]


---------------  P R O C E S S  ---------------

Threads class SMR info:
_java_thread_list=0x000000005cf54d20, length=53, elements={
0x00000000003fdab0, 0x000000005a51c5e0, 0x000000005a51dc70, 0x000000005a554160,
0x000000005a555680, 0x000000005a556ed0, 0x000000005a55ace0, 0x000000005a549d80,
0x000000005a54a6d0, 0x000000005a54f020, 0x000000005bd5ac30, 0x000000005bd6aa60,
0x000000005cabef80, 0x000000005ce7cf00, 0x000000005cf77c60, 0x000000005cf78580,
0x000000005e5a36a0, 0x000000005e4129d0, 0x000000005e4166e0, 0x000000005e416c30,
0x000000005e417180, 0x000000005e4176d0, 0x000000005e417c20, 0x000000005e418170,
0x000000005e4186c0, 0x000000005e418c10, 0x000000005e419160, 0x000000005e4196b0,
0x000000005e419c00, 0x000000005e41a150, 0x000000005ea7a8a0, 0x000000005ea7adf0,
0x000000005ea7b340, 0x000000005ea7b890, 0x000000005ea7bde0, 0x000000005ea7c330,
0x000000005ea7c880, 0x000000005ea7cdd0, 0x000000005ea7d320, 0x000000005ea7d870,
0x000000005ea7ddc0, 0x000000005e8fe7f0, 0x000000005e8fed40, 0x000000005ea7e310,
0x000000005e8ff290, 0x000000005e8ff7e0, 0x000000005c031700, 0x000000005c0321a0,
0x000000005c0326f0, 0x000000005c033190, 0x000000005c032c40, 0x000000005c0336e0,
0x000000005c033c30
}

Java Threads: ( => current thread )
  0x00000000003fdab0 JavaThread "main" [_thread_blocked, id=6768, stack(0x00000000022a0000,0x00000000023a0000)]
  0x000000005a51c5e0 JavaThread "Reference Handler" daemon [_thread_blocked, id=6140, stack(0x000000005a610000,0x000000005a710000)]
  0x000000005a51dc70 JavaThread "Finalizer" daemon [_thread_blocked, id=7784, stack(0x000000005b170000,0x000000005b270000)]
  0x000000005a554160 JavaThread "Signal Dispatcher" daemon [_thread_blocked, id=6684, stack(0x000000005b320000,0x000000005b420000)]
  0x000000005a555680 JavaThread "Attach Listener" daemon [_thread_blocked, id=6492, stack(0x000000005b530000,0x000000005b630000)]
  0x000000005a556ed0 JavaThread "Service Thread" daemon [_thread_blocked, id=5380, stack(0x000000005b050000,0x000000005b150000)]
  0x000000005a55ace0 JavaThread "Monitor Deflation Thread" daemon [_thread_blocked, id=4816, stack(0x000000005b6e0000,0x000000005b7e0000)]
=>0x000000005a549d80 JavaThread "C2 CompilerThread0" daemon [_thread_in_native, id=6796, stack(0x000000005b800000,0x000000005b900000)]
  0x000000005a54a6d0 JavaThread "C1 CompilerThread0" daemon [_thread_blocked, id=6068, stack(0x000000005ba20000,0x000000005bb20000)]
  0x000000005a54f020 JavaThread "Sweeper thread" daemon [_thread_blocked, id=5136, stack(0x000000005bb90000,0x000000005bc90000)]
  0x000000005bd5ac30 JavaThread "Notification Thread" daemon [_thread_blocked, id=5324, stack(0x000000005c0f0000,0x000000005c1f0000)]
  0x000000005bd6aa60 JavaThread "Common-Cleaner" daemon [_thread_blocked, id=7320, stack(0x000000005c480000,0x000000005c580000)]
  0x000000005cabef80 JavaThread "ReaderThread" [_thread_in_native, id=5240, stack(0x000000005e040000,0x000000005e140000)]
  0x000000005ce7cf00 JavaThread "ForkJoinPool.commonPool-worker-3" daemon [_thread_blocked, id=5760, stack(0x000000005c210000,0x000000005c310000)]
  0x000000005cf77c60 JavaThread "ForkJoinPool.commonPool-worker-5" daemon [_thread_blocked, id=4380, stack(0x000000005f130000,0x000000005f230000)]
  0x000000005cf78580 JavaThread "ForkJoinPool.commonPool-worker-7" daemon [_thread_blocked, id=5924, stack(0x000000005f230000,0x000000005f330000)]
  0x000000005e5a36a0 JavaThread "Forwarding sendKeysToElement on session a0cc526305cc1e77a3840eb0fffbc070 to remote" [_thread_in_native, id=5496, stack(0x000000005d280000,0x000000005d380000)]
  0x000000005e4129d0 JavaThread "Forwarding findElement on session fbef490cc9299c1d4a860da81dbeaedb to remote" [_thread_in_native, id=8068, stack(0x000000005f500000,0x000000005f600000)]
  0x000000005e4166e0 JavaThread "Forwarding newSession on session null to remote" [_thread_in_native, id=8004, stack(0x000000005f660000,0x000000005f760000)]
  0x000000005e416c30 JavaThread "Forwarding findElement on session c83beb6250b7308a0ca356667855aabe to remote" [_thread_in_native, id=6360, stack(0x00000000600f0000,0x00000000601f0000)]
  0x000000005e417180 JavaThread "Forwarding newSession on session null to remote" [_thread_in_native, id=4244, stack(0x000000005d4e0000,0x000000005d5e0000)]
  0x000000005e4176d0 JavaThread "Exec Default Executor" daemon [_thread_in_native, id=7088, stack(0x0000000060220000,0x0000000060320000)]
  0x000000005e417c20 JavaThread "Exec Default Executor" daemon [_thread_in_native, id=5680, stack(0x0000000060380000,0x0000000060480000)]
  0x000000005e418170 JavaThread "Exec Default Executor" daemon [_thread_in_native, id=5552, stack(0x0000000060600000,0x0000000060700000)]
  0x000000005e4186c0 JavaThread "Exec Default Executor" daemon [_thread_in_native, id=6464, stack(0x00000000607e0000,0x00000000608e0000)]
  0x000000005e418c10 JavaThread "Exec Default Executor" daemon [_thread_in_native, id=3604, stack(0x000000005b920000,0x000000005ba20000)]
  0x000000005e419160 JavaThread "UrlChecker-2" daemon [_thread_blocked, id=5912, stack(0x000000005b430000,0x000000005b530000)]
  0x000000005e4196b0 JavaThread "UrlChecker-3" daemon [_thread_blocked, id=7816, stack(0x00000000604c0000,0x00000000605c0000)]
  0x000000005e419c00 JavaThread "UrlChecker-4" daemon [_thread_blocked, id=4136, stack(0x0000000060a30000,0x0000000060b30000)]
  0x000000005e41a150 JavaThread "UrlChecker-5" daemon [_thread_blocked, id=5440, stack(0x0000000060cb0000,0x0000000060db0000)]
  0x000000005ea7a8a0 JavaThread "UrlChecker-6" daemon [_thread_blocked, id=5952, stack(0x0000000060ba0000,0x0000000060ca0000)]
  0x000000005ea7adf0 JavaThread "Exec Stream Pumper" daemon [_thread_in_native, id=6304, stack(0x00000000608f0000,0x00000000609f0000)]
  0x000000005ea7b340 JavaThread "Exec Stream Pumper" daemon [_thread_in_native, id=6200, stack(0x0000000060ec0000,0x0000000060fc0000)]
  0x000000005ea7b890 JavaThread "Exec Stream Pumper" daemon [_thread_in_native, id=5724, stack(0x00000000610a0000,0x00000000611a0000)]
  0x000000005ea7bde0 JavaThread "Exec Stream Pumper" daemon [_thread_in_native, id=6860, stack(0x0000000060dc0000,0x0000000060ec0000)]
  0x000000005ea7c330 JavaThread "Exec Stream Pumper" daemon [_thread_in_native, id=6028, stack(0x0000000061260000,0x0000000061360000)]
  0x000000005ea7c880 JavaThread "Exec Stream Pumper" daemon [_thread_in_native, id=6032, stack(0x0000000061450000,0x0000000061550000)]
  0x000000005ea7cdd0 JavaThread "Exec Stream Pumper" daemon [_thread_in_native, id=7964, stack(0x00000000616d0000,0x00000000617d0000)]
  0x000000005ea7d320 JavaThread "Exec Stream Pumper" daemon [_thread_in_native, id=1700, stack(0x0000000061550000,0x0000000061650000)]
  0x000000005ea7d870 JavaThread "Exec Stream Pumper" daemon [_thread_in_native, id=6120, stack(0x00000000618e0000,0x00000000619e0000)]
  0x000000005ea7ddc0 JavaThread "Exec Stream Pumper" daemon [_thread_in_native, id=8088, stack(0x0000000061b70000,0x0000000061c70000)]
  0x000000005e8fe7f0 JavaThread "OkHttp ConnectionPool" daemon [_thread_blocked, id=7352, stack(0x0000000062840000,0x0000000062940000)]
  0x000000005e8fed40 JavaThread "Okio Watchdog" daemon [_thread_blocked, id=5644, stack(0x0000000061e30000,0x0000000061f30000)]
  0x000000005ea7e310 JavaThread "Exec Default Executor" daemon [_thread_in_native, id=8356, stack(0x0000000061a20000,0x0000000061b20000)]
  0x000000005e8ff290 JavaThread "Exec Stream Pumper" daemon [_thread_in_native, id=8368, stack(0x0000000061d30000,0x0000000061e30000)]
  0x000000005e8ff7e0 JavaThread "Exec Stream Pumper" daemon [_thread_in_native, id=8372, stack(0x0000000062a60000,0x0000000062b60000)]
  0x000000005c031700 JavaThread "Exec Default Executor" daemon [_thread_in_native, id=9152, stack(0x0000000062bf0000,0x0000000062cf0000)]
  0x000000005c0321a0 JavaThread "Exec Stream Pumper" daemon [_thread_in_native, id=9176, stack(0x000000005cf90000,0x000000005d090000)]
  0x000000005c0326f0 JavaThread "Exec Stream Pumper" daemon [_thread_in_native, id=9180, stack(0x0000000063df0000,0x0000000063ef0000)]
  0x000000005c033190 JavaThread "Exec Default Executor" daemon [_thread_in_native, id=8832, stack(0x00000000641a0000,0x00000000642a0000)]
  0x000000005c032c40 JavaThread "Exec Stream Pumper" daemon [_thread_in_native, id=6744, stack(0x0000000063f60000,0x0000000064060000)]
  0x000000005c0336e0 JavaThread "Exec Stream Pumper" daemon [_thread_in_native, id=7028, stack(0x00000000643f0000,0x00000000644f0000)]
  0x000000005c033c30 JavaThread "Keep-Alive-Timer" daemon [_thread_blocked, id=3916, stack(0x00000000642a0000,0x00000000643a0000)]

Other Threads:
  0x000000005a4fb550 VMThread "VM Thread" [stack: 0x000000001a2a0000,0x000000001a3a0000] [id=6736]
  0x000000005a4817c0 WatcherThread [stack: 0x000000005c320000,0x000000005c420000] [id=6524]
  0x00000000004316a0 GCTaskThread "GC Thread#0" [stack: 0x0000000017790000,0x0000000017890000] [id=5224]
  0x000000005cb910b0 GCTaskThread "GC Thread#1" [stack: 0x000000005d170000,0x000000005d270000] [id=7856]
  0x000000005cb913c0 GCTaskThread "GC Thread#2" [stack: 0x000000005c580000,0x000000005c680000] [id=8092]
  0x000000005cda4a40 GCTaskThread "GC Thread#3" [stack: 0x000000005f3b0000,0x000000005f4b0000] [id=6652]
  0x0000000000479090 ConcurrentGCThread "G1 Main Marker" [stack: 0x00000000179d0000,0x0000000017ad0000] [id=8032]
  0x000000000047ba90 ConcurrentGCThread "G1 Conc#0" [stack: 0x0000000017c10000,0x0000000017d10000] [id=6676]
  0x00000000178dba00 ConcurrentGCThread "G1 Refine#0" [stack: 0x0000000019f30000,0x000000001a030000] [id=7528]
  0x00000000178dc390 ConcurrentGCThread "G1 Service" [stack: 0x000000001a140000,0x000000001a240000] [id=7840]

Threads with active compile tasks:
C2 CompilerThread0    31321 3263 %     4       sun.nio.cs.UTF_8$Encoder::encodeArrayLoop @ 73 (489 bytes)

VM state: not at safepoint (normal execution)

VM Mutex/Monitor currently owned by a thread: None

Heap address: 0x00000000c1600000, size: 1002 MB, Compressed Oops mode: 32-bit

CDS disabled.
Compressed class space mapped at: 0x000000001a400000-0x000000005a400000, reserved size: 1073741824
Narrow klass base: 0x0000000000000000, Narrow klass shift: 0, Narrow klass range: 0x5a400000

GC Precious Log:
 CPUs: 4 total, 4 available
 Memory: 4003M
 Large Page Support: Disabled
 NUMA Support: Disabled
 Compressed Oops: Enabled (32-bit)
 Heap Region Size: 1M
 Heap Min Capacity: 8M
 Heap Initial Capacity: 64M
 Heap Max Capacity: 1002M
 Pre-touch: Disabled
 Parallel Workers: 4
 Concurrent Workers: 1
 Concurrent Refinement Workers: 4
 Periodic GC: Disabled

Heap:
 garbage-first heap   total 37888K, used 21597K [0x00000000c1600000, 0x0000000100000000)
  region size 1024K, 10 young (10240K), 1 survivors (1024K)
 Metaspace       used 31764K, committed 32064K, reserved 1081344K
  class space    used 3603K, committed 3776K, reserved 1048576K

Heap Regions: E=young(eden), S=young(survivor), O=old, HS=humongous(starts), HC=humongous(continues), CS=collection set, F=free, OA=open archive, CA=closed archive, TAMS=top-at-mark-start (previous, next)
|   0|0x00000000c1600000, 0x00000000c1700000, 0x00000000c1700000|100%|HS|  |TAMS 0x00000000c1700000, 0x00000000c1600000| Complete 
|   1|0x00000000c1700000, 0x00000000c1800000, 0x00000000c1800000|100%| O|  |TAMS 0x00000000c1800000, 0x00000000c1700000| Untracked 
|   2|0x00000000c1800000, 0x00000000c1900000, 0x00000000c1900000|100%| O|  |TAMS 0x00000000c1900000, 0x00000000c1800000| Untracked 
|   3|0x00000000c1900000, 0x00000000c1a00000, 0x00000000c1a00000|100%| O|  |TAMS 0x00000000c1a00000, 0x00000000c1900000| Untracked 
|   4|0x00000000c1a00000, 0x00000000c1b00000, 0x00000000c1b00000|100%| O|  |TAMS 0x00000000c1b00000, 0x00000000c1a00000| Untracked 
|   5|0x00000000c1b00000, 0x00000000c1b8ae00, 0x00000000c1c00000| 54%| O|  |TAMS 0x00000000c1b2ba00, 0x00000000c1b00000| Untracked 
|   6|0x00000000c1c00000, 0x00000000c1d00000, 0x00000000c1d00000|100%| O|  |TAMS 0x00000000c1c00000, 0x00000000c1c00000| Untracked 
|   7|0x00000000c1d00000, 0x00000000c1e00000, 0x00000000c1e00000|100%| O|  |TAMS 0x00000000c1d00000, 0x00000000c1d00000| Untracked 
|   8|0x00000000c1e00000, 0x00000000c1f00000, 0x00000000c1f00000|100%| O|  |TAMS 0x00000000c1e00000, 0x00000000c1e00000| Untracked 
|   9|0x00000000c1f00000, 0x00000000c2000000, 0x00000000c2000000|100%| O|  |TAMS 0x00000000c1f00000, 0x00000000c1f00000| Untracked 
|  10|0x00000000c2000000, 0x00000000c2100000, 0x00000000c2100000|100%| O|  |TAMS 0x00000000c2000000, 0x00000000c2000000| Untracked 
|  11|0x00000000c2100000, 0x00000000c2200000, 0x00000000c2200000|100%| O|  |TAMS 0x00000000c2100000, 0x00000000c2100000| Untracked 
|  12|0x00000000c2200000, 0x00000000c22b6c00, 0x00000000c2300000| 71%| O|  |TAMS 0x00000000c2200000, 0x00000000c2200000| Untracked 
|  13|0x00000000c2300000, 0x00000000c2300000, 0x00000000c2400000|  0%| F|  |TAMS 0x00000000c2300000, 0x00000000c2300000| Untracked 
|  14|0x00000000c2400000, 0x00000000c2400000, 0x00000000c2500000|  0%| F|  |TAMS 0x00000000c2400000, 0x00000000c2400000| Untracked 
|  15|0x00000000c2500000, 0x00000000c2600000, 0x00000000c2600000|100%| O|  |TAMS 0x00000000c2500000, 0x00000000c2500000| Untracked 
|  16|0x00000000c2600000, 0x00000000c2600000, 0x00000000c2700000|  0%| F|  |TAMS 0x00000000c2600000, 0x00000000c2600000| Untracked 
|  17|0x00000000c2700000, 0x00000000c2700000, 0x00000000c2800000|  0%| F|  |TAMS 0x00000000c2700000, 0x00000000c2700000| Untracked 
|  18|0x00000000c2800000, 0x00000000c2800000, 0x00000000c2900000|  0%| F|  |TAMS 0x00000000c2800000, 0x00000000c2800000| Untracked 
|  19|0x00000000c2900000, 0x00000000c2900000, 0x00000000c2a00000|  0%| F|  |TAMS 0x00000000c2900000, 0x00000000c2900000| Untracked 
|  20|0x00000000c2a00000, 0x00000000c2a00000, 0x00000000c2b00000|  0%| F|  |TAMS 0x00000000c2a00000, 0x00000000c2a00000| Untracked 
|  21|0x00000000c2b00000, 0x00000000c2b00000, 0x00000000c2c00000|  0%| F|  |TAMS 0x00000000c2b00000, 0x00000000c2b00000| Untracked 
|  22|0x00000000c2c00000, 0x00000000c2c00000, 0x00000000c2d00000|  0%| F|  |TAMS 0x00000000c2c00000, 0x00000000c2c00000| Untracked 
|  23|0x00000000c2d00000, 0x00000000c2d00000, 0x00000000c2e00000|  0%| F|  |TAMS 0x00000000c2d00000, 0x00000000c2d00000| Untracked 
|  24|0x00000000c2e00000, 0x00000000c2e00000, 0x00000000c2f00000|  0%| F|  |TAMS 0x00000000c2e00000, 0x00000000c2e00000| Untracked 
|  25|0x00000000c2f00000, 0x00000000c2fd5c60, 0x00000000c3000000| 83%| S|CS|TAMS 0x00000000c2f00000, 0x00000000c2f00000| Complete 
|  26|0x00000000c3000000, 0x00000000c3000000, 0x00000000c3100000|  0%| F|  |TAMS 0x00000000c3000000, 0x00000000c3000000| Untracked 
|  27|0x00000000c3100000, 0x00000000c3100000, 0x00000000c3200000|  0%| F|  |TAMS 0x00000000c3100000, 0x00000000c3100000| Untracked 
|  28|0x00000000c3200000, 0x00000000c3221ff8, 0x00000000c3300000| 13%| E|  |TAMS 0x00000000c3200000, 0x00000000c3200000| Complete 
|  29|0x00000000c3300000, 0x00000000c3400000, 0x00000000c3400000|100%| E|CS|TAMS 0x00000000c3300000, 0x00000000c3300000| Complete 
|  30|0x00000000c3400000, 0x00000000c3500000, 0x00000000c3500000|100%| E|CS|TAMS 0x00000000c3400000, 0x00000000c3400000| Complete 
|  31|0x00000000c3500000, 0x00000000c3600000, 0x00000000c3600000|100%| E|CS|TAMS 0x00000000c3500000, 0x00000000c3500000| Complete 
|  36|0x00000000c3a00000, 0x00000000c3affb30, 0x00000000c3b00000| 99%| E|  |TAMS 0x00000000c3a00000, 0x00000000c3a00000| Complete 
|  37|0x00000000c3b00000, 0x00000000c3c00000, 0x00000000c3c00000|100%| E|CS|TAMS 0x00000000c3b00000, 0x00000000c3b00000| Complete 
|  38|0x00000000c3c00000, 0x00000000c3d00000, 0x00000000c3d00000|100%| E|CS|TAMS 0x00000000c3c00000, 0x00000000c3c00000| Complete 
|  39|0x00000000c3d00000, 0x00000000c3e00000, 0x00000000c3e00000|100%| E|CS|TAMS 0x00000000c3d00000, 0x00000000c3d00000| Complete 
|  63|0x00000000c5500000, 0x00000000c5600000, 0x00000000c5600000|100%| E|CS|TAMS 0x00000000c5500000, 0x00000000c5500000| Complete 

Card table byte_map: [0x0000000015320000,0x0000000015520000] _byte_map_base: 0x0000000014d15000

Marking Bits (Prev, Next): (CMBitMap*) 0x0000000000431ce0, (CMBitMap*) 0x0000000000431ca0
 Prev Bits: [0x00000000166d0000, 0x0000000017678000)
 Next Bits: [0x0000000015720000, 0x00000000166c8000)

Polling page: 0x0000000000120000

Metaspace:

Usage:
  Non-class:     27.50 MB used.
      Class:      3.52 MB used.
       Both:     31.02 MB used.

Virtual space:
  Non-class space:       32.00 MB reserved,      27.63 MB ( 86%) committed,  4 nodes.
      Class space:        1.00 GB reserved,       3.69 MB ( <1%) committed,  1 nodes.
              Both:        1.03 GB reserved,      31.31 MB (  3%) committed. 

Chunk freelists:
   Non-Class:  304.00 KB
       Class:  176.00 KB
        Both:  480.00 KB

MaxMetaspaceSize: 17179869184.00 GB
CompressedClassSpaceSize: 1.00 GB
 - commit_granule_bytes: 65536.
 - commit_granule_words: 8192.
 - virtual_space_node_default_size: 1048576.
 - enlarge_chunks_in_place: 1.
 - new_chunks_are_fully_committed: 0.
 - uncommit_free_chunks: 1.
 - use_allocation_guard: 0.
 - handle_deallocations: 1.


Internal statistics:

num_allocs_failed_limit: 3.
num_arena_births: 220.
num_arena_deaths: 0.
num_vsnodes_births: 5.
num_vsnodes_deaths: 0.
num_space_committed: 501.
num_space_uncommitted: 0.
num_chunks_returned_to_freelist: 3.
num_chunks_taken_from_freelist: 878.
num_chunk_merges: 3.
num_chunk_splits: 592.
num_chunks_enlarged: 435.
num_purges: 0.

CodeHeap 'non-profiled nmethods': size=120000Kb used=1297Kb max_used=1297Kb free=118702Kb
 bounds [0x000000000d5d0000, 0x000000000d840000, 0x0000000014b00000]
CodeHeap 'profiled nmethods': size=120000Kb used=6661Kb max_used=6661Kb free=113338Kb
 bounds [0x00000000060a0000, 0x0000000006730000, 0x000000000d5d0000]
CodeHeap 'non-nmethods': size=5760Kb used=1241Kb max_used=1283Kb free=4518Kb
 bounds [0x0000000005b00000, 0x0000000005d70000, 0x00000000060a0000]
 total_blobs=3813 nmethods=3269 adapters=456
 compilation: enabled
              stopped_count=0, restarted_count=0
 full_count=0

Compilation events (20 events):
Event: 28.423 Thread 0x000000005a549d80 3241       4       java.util.Arrays::copyOf (40 bytes)
Event: 28.425 Thread 0x000000005a54a6d0 nmethod 3255 0x0000000006712610 code [0x0000000006712a80, 0x0000000006714f98]
Event: 28.425 Thread 0x000000005a54a6d0 3257       3       java.util.ArrayList::indexOfRange (71 bytes)
Event: 28.425 Thread 0x000000005a54a6d0 nmethod 3257 0x0000000006715910 code [0x0000000006715b00, 0x0000000006715fc8]
Event: 28.425 Thread 0x000000005a54a6d0 3254       3       org.testng.shaded.com.google.gson.internal.$Gson$Types::canonicalize (139 bytes)
Event: 28.426 Thread 0x000000005a54a6d0 nmethod 3254 0x0000000006716190 code [0x00000000067164c0, 0x0000000006717a18]
Event: 28.426 Thread 0x000000005a54a6d0 3256       3       org.testng.shaded.com.google.gson.internal.$Gson$Types::getRawType (157 bytes)
Event: 28.428 Thread 0x000000005a54a6d0 nmethod 3256 0x0000000006717e90 code [0x0000000006718260, 0x0000000006719d78]
Event: 28.428 Thread 0x000000005a54a6d0 3259       3       org.testng.shaded.com.google.gson.internal.$Gson$Preconditions::checkNotNull (14 bytes)
Event: 28.428 Thread 0x000000005a54a6d0 nmethod 3259 0x000000000671a410 code [0x000000000671a5c0, 0x000000000671a7a8]
Event: 28.428 Thread 0x000000005a54a6d0 3260       3       org.testng.shaded.com.google.gson.reflect.TypeToken::<init> (41 bytes)
Event: 28.429 Thread 0x000000005a54a6d0 nmethod 3260 0x000000000671a890 code [0x000000000671aaa0, 0x000000000671b038]
Event: 28.429 Thread 0x000000005a54a6d0 3261       3       org.testng.shaded.com.google.gson.reflect.TypeToken::get (9 bytes)
Event: 28.429 Thread 0x000000005a54a6d0 nmethod 3261 0x000000000671b210 code [0x000000000671b3c0, 0x000000000671b528]
Event: 28.429 Thread 0x000000005a54a6d0 3262       3       java.io.Writer::append (10 bytes)
Event: 28.429 Thread 0x000000005a549d80 nmethod 3241 0x000000000d713a90 code [0x000000000d713c20, 0x000000000d7140d8]
Event: 28.429 Thread 0x000000005a549d80 3263 %     4       sun.nio.cs.UTF_8$Encoder::encodeArrayLoop @ 73 (489 bytes)
Event: 28.429 Thread 0x000000005a54a6d0 nmethod 3262 0x000000000671b610 code [0x000000000671b7e0, 0x000000000671bb38]
Event: 28.429 Thread 0x000000005a54a6d0 3258       3       org.testng.shaded.com.google.gson.internal.$Gson$Types::resolve (14 bytes)
Event: 28.430 Thread 0x000000005a54a6d0 nmethod 3258 0x000000000671bc90 code [0x000000000671be80, 0x000000000671c348]

GC Heap History (12 events):
Event: 0.402 GC heap before
{Heap before GC invocations=0 (full 0):
 garbage-first heap   total 65536K, used 14336K [0x00000000c1600000, 0x0000000100000000)
  region size 1024K, 13 young (13312K), 0 survivors (0K)
 Metaspace       used 7934K, committed 8000K, reserved 1056768K
  class space    used 684K, committed 704K, reserved 1048576K
}
Event: 0.405 GC heap after
{Heap after GC invocations=1 (full 0):
 garbage-first heap   total 65536K, used 5324K [0x00000000c1600000, 0x0000000100000000)
  region size 1024K, 2 young (2048K), 2 survivors (2048K)
 Metaspace       used 7934K, committed 8000K, reserved 1056768K
  class space    used 684K, committed 704K, reserved 1048576K
}
Event: 0.965 GC heap before
{Heap before GC invocations=1 (full 0):
 garbage-first heap   total 65536K, used 19660K [0x00000000c1600000, 0x0000000100000000)
  region size 1024K, 16 young (16384K), 2 survivors (2048K)
 Metaspace       used 14623K, committed 14784K, reserved 1064960K
  class space    used 1414K, committed 1472K, reserved 1048576K
}
Event: 0.969 GC heap after
{Heap after GC invocations=2 (full 0):
 garbage-first heap   total 65536K, used 6766K [0x00000000c1600000, 0x0000000100000000)
  region size 1024K, 2 young (2048K), 2 survivors (2048K)
 Metaspace       used 14623K, committed 14784K, reserved 1064960K
  class space    used 1414K, committed 1472K, reserved 1048576K
}
Event: 1.614 GC heap before
{Heap before GC invocations=2 (full 0):
 garbage-first heap   total 65536K, used 28270K [0x00000000c1600000, 0x0000000100000000)
  region size 1024K, 24 young (24576K), 2 survivors (2048K)
 Metaspace       used 21106K, committed 21248K, reserved 1073152K
  class space    used 2153K, committed 2240K, reserved 1048576K
}
Event: 1.623 GC heap after
{Heap after GC invocations=3 (full 0):
 garbage-first heap   total 65536K, used 9771K [0x00000000c1600000, 0x0000000100000000)
  region size 1024K, 4 young (4096K), 4 survivors (4096K)
 Metaspace       used 21106K, committed 21248K, reserved 1073152K
  class space    used 2153K, committed 2240K, reserved 1048576K
}
Event: 2.157 GC heap before
{Heap before GC invocations=4 (full 0):
 garbage-first heap   total 37888K, used 28203K [0x00000000c1600000, 0x0000000100000000)
  region size 1024K, 22 young (22528K), 4 survivors (4096K)
 Metaspace       used 26388K, committed 26624K, reserved 1073152K
  class space    used 2772K, committed 2880K, reserved 1048576K
}
Event: 2.166 GC heap after
{Heap after GC invocations=5 (full 0):
 garbage-first heap   total 37888K, used 12348K [0x00000000c1600000, 0x0000000100000000)
  region size 1024K, 3 young (3072K), 3 survivors (3072K)
 Metaspace       used 26388K, committed 26624K, reserved 1073152K
  class space    used 2772K, committed 2880K, reserved 1048576K
}
Event: 2.935 GC heap before
{Heap before GC invocations=5 (full 0):
 garbage-first heap   total 37888K, used 24636K [0x00000000c1600000, 0x0000000100000000)
  region size 1024K, 15 young (15360K), 3 survivors (3072K)
 Metaspace       used 28828K, committed 29120K, reserved 1081344K
  class space    used 3177K, committed 3328K, reserved 1048576K
}
Event: 2.940 GC heap after
{Heap after GC invocations=6 (full 0):
 garbage-first heap   total 37888K, used 13779K [0x00000000c1600000, 0x0000000100000000)
  region size 1024K, 2 young (2048K), 2 survivors (2048K)
 Metaspace       used 28828K, committed 29120K, reserved 1081344K
  class space    used 3177K, committed 3328K, reserved 1048576K
}
Event: 9.036 GC heap before
{Heap before GC invocations=6 (full 0):
 garbage-first heap   total 37888K, used 24019K [0x00000000c1600000, 0x0000000100000000)
  region size 1024K, 13 young (13312K), 2 survivors (2048K)
 Metaspace       used 31077K, committed 31296K, reserved 1081344K
  class space    used 3525K, committed 3648K, reserved 1048576K
}
Event: 9.042 GC heap after
{Heap after GC invocations=7 (full 0):
 garbage-first heap   total 37888K, used 14429K [0x00000000c1600000, 0x0000000100000000)
  region size 1024K, 1 young (1024K), 1 survivors (1024K)
 Metaspace       used 31077K, committed 31296K, reserved 1081344K
  class space    used 3525K, committed 3648K, reserved 1048576K
}

Deoptimization events (20 events):
Event: 27.786 Thread 0x000000005e4129d0 Uncommon trap: trap_request=0xffffffcc fr.pc=0x000000000d70c0d8 relative=0x0000000000000338
Event: 27.786 Thread 0x000000005e4129d0 Uncommon trap: reason=intrinsic_or_type_checked_inlining action=make_not_entrant pc=0x000000000d70c0d8 method=java.util.Arrays.copyOf([Ljava/lang/Object;ILjava/lang/Class;)[Ljava/lang/Object; @ 35 c2
Event: 27.786 Thread 0x000000005e4129d0 DEOPT PACKING pc=0x000000000d70c0d8 sp=0x000000005f5fed80
Event: 27.786 Thread 0x000000005e4129d0 DEOPT UNPACKING pc=0x0000000005b4d72e sp=0x000000005f5fed10 mode 2
Event: 27.983 Thread 0x000000005e5a36a0 Uncommon trap: trap_request=0xffffff45 fr.pc=0x000000000d5f5794 relative=0x0000000000000474
Event: 27.983 Thread 0x000000005e5a36a0 Uncommon trap: reason=unstable_if action=reinterpret pc=0x000000000d5f5794 method=java.lang.AbstractStringBuilder.putStringAt(ILjava/lang/String;II)V @ 8 c2
Event: 27.983 Thread 0x000000005e5a36a0 DEOPT PACKING pc=0x000000000d5f5794 sp=0x000000005d37c780
Event: 27.983 Thread 0x000000005e5a36a0 DEOPT UNPACKING pc=0x0000000005b4d72e sp=0x000000005d37c660 mode 2
Event: 27.983 Thread 0x000000005e5a36a0 Uncommon trap: trap_request=0xffffff45 fr.pc=0x000000000d641170 relative=0x00000000000003d0
Event: 27.983 Thread 0x000000005e5a36a0 Uncommon trap: reason=unstable_if action=reinterpret pc=0x000000000d641170 method=java.lang.AbstractStringBuilder.isLatin1()Z @ 10 c2
Event: 27.983 Thread 0x000000005e5a36a0 DEOPT PACKING pc=0x000000000d641170 sp=0x000000005d37cc80
Event: 27.983 Thread 0x000000005e5a36a0 DEOPT UNPACKING pc=0x0000000005b4d72e sp=0x000000005d37cc00 mode 2
Event: 27.986 Thread 0x000000005e5a36a0 Uncommon trap: trap_request=0xffffff45 fr.pc=0x000000000d5f3e2c relative=0x000000000000010c
Event: 27.986 Thread 0x000000005e5a36a0 Uncommon trap: reason=unstable_if action=reinterpret pc=0x000000000d5f3e2c method=java.lang.AbstractStringBuilder.putStringAt(ILjava/lang/String;II)V @ 8 c2
Event: 27.986 Thread 0x000000005e5a36a0 DEOPT PACKING pc=0x000000000d5f3e2c sp=0x000000005d37c370
Event: 27.986 Thread 0x000000005e5a36a0 DEOPT UNPACKING pc=0x0000000005b4d72e sp=0x000000005d37c2b8 mode 2
Event: 27.986 Thread 0x000000005e5a36a0 Uncommon trap: trap_request=0xffffff45 fr.pc=0x000000000d5f4338 relative=0x0000000000000118
Event: 27.986 Thread 0x000000005e5a36a0 Uncommon trap: reason=unstable_if action=reinterpret pc=0x000000000d5f4338 method=java.lang.AbstractStringBuilder.putStringAt(ILjava/lang/String;II)V @ 8 c2
Event: 27.986 Thread 0x000000005e5a36a0 DEOPT PACKING pc=0x000000000d5f4338 sp=0x000000005d37c2f0
Event: 27.986 Thread 0x000000005e5a36a0 DEOPT UNPACKING pc=0x0000000005b4d72e sp=0x000000005d37c2b8 mode 2

Classes unloaded (0 events):
No events

Classes redefined (0 events):
No events

Internal exceptions (20 events):
Event: 2.902 Thread 0x000000005e4129d0 Exception <a 'java/lang/NoSuchMethodError'{0x00000000c3173680}: 'void java.lang.invoke.DirectMethodHandle$Holder.invokeSpecial(java.lang.Object, java.lang.Object, java.lang.Object, java.lang.Object, java.lang.Object)'> (0x00000000c3173680) 
thrown [t:\workspace\open\src\hotspot\share\interpreter\linkResolver.cpp, line 790]
Event: 2.924 Thread 0x000000005e416c30 Exception <a 'java/lang/NoSuchMethodError'{0x00000000c30e6560}: 'java.lang.Object java.lang.invoke.DirectMethodHandle$Holder.newInvokeSpecial(java.lang.Object, java.lang.Object, java.lang.Object, java.lang.Object, java.lang.Object)'> (0x00000000c30e6560) 
thrown [t:\workspace\open\src\hotspot\share\interpreter\linkResolver.cpp, line 790]
Event: 2.924 Thread 0x000000005e4129d0 Exception <a 'java/lang/NoSuchMethodError'{0x00000000c2f0ca08}: 'java.lang.Object java.lang.invoke.DirectMethodHandle$Holder.newInvokeSpecial(java.lang.Object, java.lang.Object, java.lang.Object, java.lang.Object, java.lang.Object)'> (0x00000000c2f0ca08) 
thrown [t:\workspace\open\src\hotspot\share\interpreter\linkResolver.cpp, line 790]
Event: 6.652 Thread 0x000000005e5a36a0 Exception <a 'java/lang/NoSuchMethodError'{0x00000000c31c87c8}: 'java.lang.Object java.lang.invoke.DirectMethodHandle$Holder.invokeSpecialIFC(java.lang.Object, java.lang.Object, java.lang.Object)'> (0x00000000c31c87c8) 
thrown [t:\workspace\open\src\hotspot\share\interpreter\linkResolver.cpp, line 790]
Event: 6.729 Thread 0x000000005e5a36a0 Exception <a 'java/lang/ClassNotFoundException'{0x00000000c3009dc8}: sun/util/logging/resources/spi/loggingProvider> (0x00000000c3009dc8) 
thrown [t:\workspace\open\src\hotspot\share\classfile\systemDictionary.cpp, line 256]
Event: 9.643 Thread 0x000000005e4166e0 Exception <a 'java/lang/ClassNotFoundException'{0x00000000c3c18c50}: sun/misc/SharedSecrets> (0x00000000c3c18c50) 
thrown [t:\workspace\open\src\hotspot\share\classfile\systemDictionary.cpp, line 256]
Event: 9.644 Thread 0x000000005e4166e0 Exception <a 'java/lang/reflect/InvocationTargetException'{0x00000000c3c191c8}> (0x00000000c3c191c8) 
thrown [t:\workspace\open\src\hotspot\share\runtime\reflection.cpp, line 1157]
Event: 9.680 Thread 0x000000005e4166e0 Exception <a 'java/net/SocketException'{0x00000000c3ce0100}: Socket is not connected: shutdown> (0x00000000c3ce0100) 
thrown [t:\workspace\open\src\hotspot\share\prims\jni.cpp, line 600]
Event: 10.184 Thread 0x000000005e419160 Exception <a 'java/net/SocketException'{0x00000000c3cf7108}: Socket is not connected: shutdown> (0x00000000c3cf7108) 
thrown [t:\workspace\open\src\hotspot\share\prims\jni.cpp, line 600]
Event: 20.338 Thread 0x000000005e417180 Exception <a 'java/lang/reflect/InvocationTargetException'{0x00000000c3a38160}> (0x00000000c3a38160) 
thrown [t:\workspace\open\src\hotspot\share\runtime\reflection.cpp, line 1157]
Event: 20.364 Thread 0x000000005e417180 Exception <a 'java/net/SocketException'{0x00000000c3ab5508}: Socket is not connected: shutdown> (0x00000000c3ab5508) 
thrown [t:\workspace\open\src\hotspot\share\prims\jni.cpp, line 600]
Event: 20.870 Thread 0x000000005e419160 Exception <a 'java/net/SocketException'{0x00000000c3ad4e00}: Socket is not connected: shutdown> (0x00000000c3ad4e00) 
thrown [t:\workspace\open\src\hotspot\share\prims\jni.cpp, line 600]
Event: 21.383 Thread 0x000000005e419160 Exception <a 'java/net/SocketException'{0x00000000c3ad60a8}: Socket is not connected: shutdown> (0x00000000c3ad60a8) 
thrown [t:\workspace\open\src\hotspot\share\prims\jni.cpp, line 600]
Event: 21.905 Thread 0x000000005e419160 Exception <a 'java/net/SocketException'{0x00000000c3ad7350}: Socket is not connected: shutdown> (0x00000000c3ad7350) 
thrown [t:\workspace\open\src\hotspot\share\prims\jni.cpp, line 600]
Event: 22.448 Thread 0x000000005e419160 Exception <a 'java/net/SocketException'{0x00000000c3ad85f8}: Socket is not connected: shutdown> (0x00000000c3ad85f8) 
thrown [t:\workspace\open\src\hotspot\share\prims\jni.cpp, line 600]
Event: 23.030 Thread 0x000000005e419160 Exception <a 'java/net/SocketException'{0x00000000c3ad98a0}: Socket is not connected: shutdown> (0x00000000c3ad98a0) 
thrown [t:\workspace\open\src\hotspot\share\prims\jni.cpp, line 600]
Event: 28.396 Thread 0x000000005e417180 Exception <a 'java/lang/reflect/InvocationTargetException'{0x00000000c349be48}> (0x00000000c349be48) 
thrown [t:\workspace\open\src\hotspot\share\runtime\reflection.cpp, line 1157]
Event: 28.428 Thread 0x000000005e417180 Exception <a 'java/net/SocketException'{0x00000000c3324c08}: Socket is not connected: shutdown> (0x00000000c3324c08) 
thrown [t:\workspace\open\src\hotspot\share\prims\jni.cpp, line 600]
Event: 28.933 Thread 0x000000005e419160 Exception <a 'java/net/SocketException'{0x00000000c33524d0}: Socket is not connected: shutdown> (0x00000000c33524d0) 
thrown [t:\workspace\open\src\hotspot\share\prims\jni.cpp, line 600]
Event: 29.447 Thread 0x000000005e419160 Exception <a 'java/net/SocketException'{0x00000000c33537f8}: Socket is not connected: shutdown> (0x00000000c33537f8) 
thrown [t:\workspace\open\src\hotspot\share\prims\jni.cpp, line 600]

Events (20 events):
Event: 24.793 Executing  VM operation: Cleanup
Event: 24.793 Executing  VM operation: Cleanup done
Event: 25.344 Executing  VM operation: ICBufferFull
Event: 25.344 Executing  VM operation: ICBufferFull done
Event: 27.348 Executing  VM operation: Cleanup
Event: 27.359 Executing  VM operation: Cleanup done
Event: 27.772 Executing  VM operation: ICBufferFull
Event: 27.772 Executing  VM operation: ICBufferFull done
Event: 27.828 Executing  VM operation: ICBufferFull
Event: 27.828 Executing  VM operation: ICBufferFull done
Event: 27.965 Executing  VM operation: ICBufferFull
Event: 27.965 Executing  VM operation: ICBufferFull done
Event: 27.985 loading class java/net/URLEncoder
Event: 27.985 loading class java/net/URLEncoder done
Event: 27.985 loading class java/io/CharArrayWriter
Event: 27.985 loading class java/io/CharArrayWriter done
Event: 28.412 Executing  VM operation: ICBufferFull
Event: 28.413 Executing  VM operation: ICBufferFull done
Event: 28.431 Thread 0x000000005c033190 Thread added: 0x000000005c033190
Event: 28.694 Thread 0x000000005c032c40 Thread exited: 0x000000005c032c40


Dynamic libraries:
0x000000013ffd0000 - 0x000000013ffde000 	C:\testyantra\SDET\eclipse-java-2021-06-R-win32-x86_64 (1)\eclipse\plugins\org.eclipse.justj.openjdk.hotspot.jre.full.win32.x86_64_16.0.1.v20210528-1205\jre\bin\javaw.exe
0x0000000077640000 - 0x00000000777e9000 	C:\Windows\SYSTEM32\ntdll.dll
0x0000000077520000 - 0x000000007763f000 	C:\Windows\system32\kernel32.dll
0x000007fefd640000 - 0x000007fefd6ab000 	C:\Windows\system32\KERNELBASE.dll
0x000007fef3a80000 - 0x000007fef3a98000 	C:\testyantra\SDET\eclipse-java-2021-06-R-win32-x86_64 (1)\eclipse\plugins\org.eclipse.justj.openjdk.hotspot.jre.full.win32.x86_64_16.0.1.v20210528-1205\jre\bin\jli.dll
0x000007fefbcf0000 - 0x000007fefbee4000 	C:\Windows\WinSxS\amd64_microsoft.windows.common-controls_6595b64144ccf1df_6.0.7601.17514_none_fa396087175ac9ac\COMCTL32.dll
0x000007fefec40000 - 0x000007fefecdf000 	C:\Windows\system32\msvcrt.dll
0x000007fefef90000 - 0x000007fefeff7000 	C:\Windows\system32\GDI32.dll
0x0000000077420000 - 0x000000007751a000 	C:\Windows\system32\USER32.dll
0x000007fefd960000 - 0x000007fefd96e000 	C:\Windows\system32\LPK.dll
0x000007feff3c0000 - 0x000007feff489000 	C:\Windows\system32\USP10.dll
0x000007fefef00000 - 0x000007fefef71000 	C:\Windows\system32\SHLWAPI.dll
0x000007fef26f0000 - 0x000007fef2709000 	C:\testyantra\SDET\eclipse-java-2021-06-R-win32-x86_64 (1)\eclipse\plugins\org.eclipse.justj.openjdk.hotspot.jre.full.win32.x86_64_16.0.1.v20210528-1205\jre\bin\VCRUNTIME140.dll
0x000007fef3b20000 - 0x000007fef3b24000 	C:\testyantra\SDET\eclipse-java-2021-06-R-win32-x86_64 (1)\eclipse\plugins\org.eclipse.justj.openjdk.hotspot.jre.full.win32.x86_64_16.0.1.v20210528-1205\jre\bin\api-ms-win-crt-runtime-l1-1-0.dll
0x000007fedfe60000 - 0x000007fedff5a000 	C:\testyantra\SDET\eclipse-java-2021-06-R-win32-x86_64 (1)\eclipse\plugins\org.eclipse.justj.openjdk.hotspot.jre.full.win32.x86_64_16.0.1.v20210528-1205\jre\bin\ucrtbase.DLL
0x000007fefc2a0000 - 0x000007fefc2a3000 	C:\testyantra\SDET\eclipse-java-2021-06-R-win32-x86_64 (1)\eclipse\plugins\org.eclipse.justj.openjdk.hotspot.jre.full.win32.x86_64_16.0.1.v20210528-1205\jre\bin\api-ms-win-core-localization-l1-2-0.dll
0x000007fef3b10000 - 0x000007fef3b13000 	C:\testyantra\SDET\eclipse-java-2021-06-R-win32-x86_64 (1)\eclipse\plugins\org.eclipse.justj.openjdk.hotspot.jre.full.win32.x86_64_16.0.1.v20210528-1205\jre\bin\api-ms-win-core-processthreads-l1-1-1.dll
0x000007fef3b00000 - 0x000007fef3b03000 	C:\testyantra\SDET\eclipse-java-2021-06-R-win32-x86_64 (1)\eclipse\plugins\org.eclipse.justj.openjdk.hotspot.jre.full.win32.x86_64_16.0.1.v20210528-1205\jre\bin\api-ms-win-core-file-l1-2-0.dll
0x000007fef3ad0000 - 0x000007fef3ad3000 	C:\testyantra\SDET\eclipse-java-2021-06-R-win32-x86_64 (1)\eclipse\plugins\org.eclipse.justj.openjdk.hotspot.jre.full.win32.x86_64_16.0.1.v20210528-1205\jre\bin\api-ms-win-core-timezone-l1-1-0.dll
0x000007fef3a50000 - 0x000007fef3a53000 	C:\testyantra\SDET\eclipse-java-2021-06-R-win32-x86_64 (1)\eclipse\plugins\org.eclipse.justj.openjdk.hotspot.jre.full.win32.x86_64_16.0.1.v20210528-1205\jre\bin\api-ms-win-core-file-l2-1-0.dll
0x000007fef3a60000 - 0x000007fef3a63000 	C:\testyantra\SDET\eclipse-java-2021-06-R-win32-x86_64 (1)\eclipse\plugins\org.eclipse.justj.openjdk.hotspot.jre.full.win32.x86_64_16.0.1.v20210528-1205\jre\bin\api-ms-win-core-synch-l1-2-0.dll
0x000007fef3a30000 - 0x000007fef3a33000 	C:\testyantra\SDET\eclipse-java-2021-06-R-win32-x86_64 (1)\eclipse\plugins\org.eclipse.justj.openjdk.hotspot.jre.full.win32.x86_64_16.0.1.v20210528-1205\jre\bin\api-ms-win-crt-heap-l1-1-0.dll
0x000007fef3a40000 - 0x000007fef3a44000 	C:\testyantra\SDET\eclipse-java-2021-06-R-win32-x86_64 (1)\eclipse\plugins\org.eclipse.justj.openjdk.hotspot.jre.full.win32.x86_64_16.0.1.v20210528-1205\jre\bin\api-ms-win-crt-string-l1-1-0.dll
0x000007fef3a10000 - 0x000007fef3a14000 	C:\testyantra\SDET\eclipse-java-2021-06-R-win32-x86_64 (1)\eclipse\plugins\org.eclipse.justj.openjdk.hotspot.jre.full.win32.x86_64_16.0.1.v20210528-1205\jre\bin\api-ms-win-crt-stdio-l1-1-0.dll
0x000007fef3a20000 - 0x000007fef3a24000 	C:\testyantra\SDET\eclipse-java-2021-06-R-win32-x86_64 (1)\eclipse\plugins\org.eclipse.justj.openjdk.hotspot.jre.full.win32.x86_64_16.0.1.v20210528-1205\jre\bin\api-ms-win-crt-convert-l1-1-0.dll
0x000007fef39f0000 - 0x000007fef39f3000 	C:\testyantra\SDET\eclipse-java-2021-06-R-win32-x86_64 (1)\eclipse\plugins\org.eclipse.justj.openjdk.hotspot.jre.full.win32.x86_64_16.0.1.v20210528-1205\jre\bin\api-ms-win-crt-environment-l1-1-0.dll
0x000007fef3a00000 - 0x000007fef3a03000 	C:\testyantra\SDET\eclipse-java-2021-06-R-win32-x86_64 (1)\eclipse\plugins\org.eclipse.justj.openjdk.hotspot.jre.full.win32.x86_64_16.0.1.v20210528-1205\jre\bin\api-ms-win-crt-filesystem-l1-1-0.dll
0x000007fef39d0000 - 0x000007fef39d5000 	C:\testyantra\SDET\eclipse-java-2021-06-R-win32-x86_64 (1)\eclipse\plugins\org.eclipse.justj.openjdk.hotspot.jre.full.win32.x86_64_16.0.1.v20210528-1205\jre\bin\api-ms-win-crt-math-l1-1-0.dll
0x000007fef39e0000 - 0x000007fef39e3000 	C:\testyantra\SDET\eclipse-java-2021-06-R-win32-x86_64 (1)\eclipse\plugins\org.eclipse.justj.openjdk.hotspot.jre.full.win32.x86_64_16.0.1.v20210528-1205\jre\bin\api-ms-win-crt-locale-l1-1-0.dll
0x000007feff1b0000 - 0x000007feff1de000 	C:\Windows\system32\IMM32.DLL
0x000007fefdda0000 - 0x000007fefdea9000 	C:\Windows\system32\MSCTF.dll
0x000007fef2530000 - 0x000007fef253c000 	C:\testyantra\SDET\eclipse-java-2021-06-R-win32-x86_64 (1)\eclipse\plugins\org.eclipse.justj.openjdk.hotspot.jre.full.win32.x86_64_16.0.1.v20210528-1205\jre\bin\vcruntime140_1.dll
0x000007fedffc0000 - 0x000007fee0051000 	C:\testyantra\SDET\eclipse-java-2021-06-R-win32-x86_64 (1)\eclipse\plugins\org.eclipse.justj.openjdk.hotspot.jre.full.win32.x86_64_16.0.1.v20210528-1205\jre\bin\msvcp140.dll
0x000007fef3870000 - 0x000007fef3873000 	C:\testyantra\SDET\eclipse-java-2021-06-R-win32-x86_64 (1)\eclipse\plugins\org.eclipse.justj.openjdk.hotspot.jre.full.win32.x86_64_16.0.1.v20210528-1205\jre\bin\api-ms-win-crt-time-l1-1-0.dll
0x000007fef38a0000 - 0x000007fef38a3000 	C:\testyantra\SDET\eclipse-java-2021-06-R-win32-x86_64 (1)\eclipse\plugins\org.eclipse.justj.openjdk.hotspot.jre.full.win32.x86_64_16.0.1.v20210528-1205\jre\bin\api-ms-win-crt-utility-l1-1-0.dll
0x000007fef2720000 - 0x000007fef32cb000 	C:\testyantra\SDET\eclipse-java-2021-06-R-win32-x86_64 (1)\eclipse\plugins\org.eclipse.justj.openjdk.hotspot.jre.full.win32.x86_64_16.0.1.v20210528-1205\jre\bin\server\jvm.dll
0x000007feff660000 - 0x000007feff73b000 	C:\Windows\system32\ADVAPI32.dll
0x000007fefeee0000 - 0x000007fefeeff000 	C:\Windows\SYSTEM32\sechost.dll
0x000007fefd970000 - 0x000007fefda9d000 	C:\Windows\system32\RPCRT4.dll
0x000007fef2710000 - 0x000007fef2719000 	C:\Windows\system32\WSOCK32.dll
0x000007feff080000 - 0x000007feff0cd000 	C:\Windows\system32\WS2_32.dll
0x000007fefef80000 - 0x000007fefef88000 	C:\Windows\system32\NSI.dll
0x000007fefbcb0000 - 0x000007fefbceb000 	C:\Windows\system32\WINMM.dll
0x000007fefc6f0000 - 0x000007fefc6fc000 	C:\Windows\system32\VERSION.dll
0x0000000077810000 - 0x0000000077817000 	C:\Windows\system32\PSAPI.DLL
0x000007fef24d0000 - 0x000007fef24da000 	C:\testyantra\SDET\eclipse-java-2021-06-R-win32-x86_64 (1)\eclipse\plugins\org.eclipse.justj.openjdk.hotspot.jre.full.win32.x86_64_16.0.1.v20210528-1205\jre\bin\jimage.dll
0x000007fef7010000 - 0x000007fef7135000 	C:\Windows\system32\DBGHELP.DLL
0x000007fef24a0000 - 0x000007fef24c5000 	C:\testyantra\SDET\eclipse-java-2021-06-R-win32-x86_64 (1)\eclipse\plugins\org.eclipse.justj.openjdk.hotspot.jre.full.win32.x86_64_16.0.1.v20210528-1205\jre\bin\java.dll
0x000007fef2480000 - 0x000007fef2498000 	C:\testyantra\SDET\eclipse-java-2021-06-R-win32-x86_64 (1)\eclipse\plugins\org.eclipse.justj.openjdk.hotspot.jre.full.win32.x86_64_16.0.1.v20210528-1205\jre\bin\zip.dll
0x000007fefdeb0000 - 0x000007fefec38000 	C:\Windows\system32\SHELL32.dll
0x000007feff740000 - 0x000007feff943000 	C:\Windows\system32\ole32.dll
0x000007fefd590000 - 0x000007fefd59f000 	C:\Windows\system32\profapi.dll
0x000007fef2410000 - 0x000007fef2429000 	C:\testyantra\SDET\eclipse-java-2021-06-R-win32-x86_64 (1)\eclipse\plugins\org.eclipse.justj.openjdk.hotspot.jre.full.win32.x86_64_16.0.1.v20210528-1205\jre\bin\net.dll
0x000007fef67f0000 - 0x000007fef6861000 	C:\Windows\system32\WINHTTP.dll
0x000007fef6780000 - 0x000007fef67e4000 	C:\Windows\system32\webio.dll
0x000007fefcdc0000 - 0x000007fefce15000 	C:\Windows\system32\mswsock.dll
0x000007fefcdb0000 - 0x000007fefcdb7000 	C:\Windows\System32\wship6.dll
0x000007fef2430000 - 0x000007fef2443000 	C:\testyantra\SDET\eclipse-java-2021-06-R-win32-x86_64 (1)\eclipse\plugins\org.eclipse.justj.openjdk.hotspot.jre.full.win32.x86_64_16.0.1.v20210528-1205\jre\bin\nio.dll
0x000007fefc7c0000 - 0x000007fefc7c7000 	C:\Windows\System32\wshtcpip.dll
0x000007fefcc40000 - 0x000007fefcc9b000 	C:\Windows\system32\DNSAPI.dll
0x000007fefb1f0000 - 0x000007fefb217000 	C:\Windows\system32\IPHLPAPI.DLL
0x000007fefb1e0000 - 0x000007fefb1eb000 	C:\Windows\system32\WINNSI.DLL
0x000007fef6330000 - 0x000007fef6338000 	C:\Windows\system32\rasadhlp.dll
0x000007fefaa90000 - 0x000007fefaae3000 	C:\Windows\System32\fwpuclnt.dll
0x000007fefce20000 - 0x000007fefce37000 	C:\Windows\system32\CRYPTSP.dll
0x000007fefcb20000 - 0x000007fefcb67000 	C:\Windows\system32\rsaenh.dll
0x000007fefc8e0000 - 0x000007fefc8fe000 	C:\Windows\system32\USERENV.dll
0x000007fefd4c0000 - 0x000007fefd4cf000 	C:\Windows\system32\CRYPTBASE.dll
0x000007fefa860000 - 0x000007fefa878000 	C:\Windows\system32\dhcpcsvc.DLL
0x000007fefa840000 - 0x000007fefa851000 	C:\Windows\system32\dhcpcsvc6.DLL
0x000007fef2400000 - 0x000007fef2410000 	C:\testyantra\SDET\eclipse-java-2021-06-R-win32-x86_64 (1)\eclipse\plugins\org.eclipse.justj.openjdk.hotspot.jre.full.win32.x86_64_16.0.1.v20210528-1205\jre\bin\verify.dll
0x000007fef4690000 - 0x000007fef469e000 	C:\testyantra\SDET\eclipse-java-2021-06-R-win32-x86_64 (1)\eclipse\plugins\org.eclipse.justj.openjdk.hotspot.jre.full.win32.x86_64_16.0.1.v20210528-1205\jre\bin\sunmscapi.dll
0x000007fefd6b0000 - 0x000007fefd817000 	C:\Windows\system32\CRYPT32.dll
0x000007fefd630000 - 0x000007fefd63f000 	C:\Windows\system32\MSASN1.dll
0x000007fefcfa0000 - 0x000007fefcfee000 	C:\Windows\system32\ncrypt.dll
0x000007fefcf70000 - 0x000007fefcf92000 	C:\Windows\system32\bcrypt.dll
0x000007fefd460000 - 0x000007fefd4b7000 	C:\Windows\system32\apphelp.dll
0x000007fefb1c0000 - 0x000007fefb1d5000 	C:\Windows\system32\NLAapi.dll
0x000007fef6760000 - 0x000007fef6775000 	C:\Windows\system32\napinsp.dll
0x000007fef6740000 - 0x000007fef6759000 	C:\Windows\system32\pnrpnsp.dll
0x000007fef6730000 - 0x000007fef673b000 	C:\Windows\System32\winrnr.dll

dbghelp: loaded successfully - version: 4.0.5 - missing functions: none
symbol engine: initialized successfully - sym options: 0x614 - pdb path: .;C:\testyantra\SDET\eclipse-java-2021-06-R-win32-x86_64 (1)\eclipse\plugins\org.eclipse.justj.openjdk.hotspot.jre.full.win32.x86_64_16.0.1.v20210528-1205\jre\bin;C:\Windows\SYSTEM32;C:\Windows\WinSxS\amd64_microsoft.windows.common-controls_6595b64144ccf1df_6.0.7601.17514_none_fa396087175ac9ac;C:\testyantra\SDET\eclipse-java-2021-06-R-win32-x86_64 (1)\eclipse\plugins\org.eclipse.justj.openjdk.hotspot.jre.full.win32.x86_64_16.0.1.v20210528-1205\jre\bin\server

VM Arguments:
jvm_args: -ea -Dfile.encoding=Cp1252 -XX:+ShowCodeDetailsInExceptionMessages 
java_command: org.testng.remote.RemoteTestNG -serport 58686 -protocol json -d D:\workspace\SDET34L1\test-output D:\workspace\SDET34L1\testng.xml
java_class_path (initial): C:\testyantra\SDET\eclipse-java-2021-06-R-win32-x86_64 (1)\eclipse\configuration\org.eclipse.osgi\442\0\.cp\lib\testng-remote.jar;D:\workspace\SDET34L1\target\test-classes;D:\workspace\SDET34L1\target\classes;C:\testyantra\SDET\eclipse-java-2021-06-R-win32-x86_64 (1)\eclipse\plugins\org.testng_7.4.0.r202105021533.jar;C:\testyantra\SDET\eclipse-java-2021-06-R-win32-x86_64 (1)\eclipse\plugins\com.beust.jcommander_1.78.0.jar;C:\testyantra\SDET\eclipse-java-2021-06-R-win32-x86_64 (1)\eclipse\plugins\org.apache-extras.beanshell.bsh_2.0.0.b6.jar;C:\testyantra\SDET\eclipse-java-2021-06-R-win32-x86_64 (1)\eclipse\plugins\org.yaml.snakeyaml_1.21.0.jar;C:\testyantra\SDET\eclipse-java-2021-06-R-win32-x86_64 (1)\eclipse\plugins\org.webjars.jquery_3.5.1.jar;C:\Users\Mypc\.m2\repository\org\seleniumhq\selenium\selenium-java\3.141.59\selenium-java-3.141.59.jar;C:\Users\Mypc\.m2\repository\org\seleniumhq\selenium\selenium-api\3.141.59\selenium-api-3.141.59.jar;C:\Users\Mypc\.m2\repository\org\seleniumhq\selenium\selenium-chrome-driver\3.141.59\selenium-chrome-driver-3.141.59.jar;C:\Users\Mypc\.m2\repository\org\seleniumhq\selenium\selenium-edge-driver\3.141.59\selenium-edge-driver-3.141.59.jar;C:\Users\Mypc\.m2\repository\org\seleniumhq\selenium\selenium-firefox-driver\3.141.59\selenium-firefox-driver-3.141.59.jar;C:\Users\Mypc\.m2\repository\org\seleniumhq\selenium\selenium-ie-driver\3.141.59\selenium-ie-driver-3.141.59.jar;C:\Users\Mypc\.m2\repository\org\seleniumhq\selenium\selenium-opera-driver\3.141.59\selenium-opera-driver-3.141.59.jar;C:\Users\Mypc\.m2\repository\org\seleniumhq\selenium\selenium-remote-driver\3.141.59\selenium-remote-driver-3.141.59.jar;C:\Users\Mypc\.m2\repository\org\seleniumhq\selenium\selenium-safari-driver\3.141.59\selenium-safari-driver-3.141.59.jar;C:\Users\Mypc\.m2\repository\org\seleniumhq\selenium\selenium-support\3.141.59\selenium-support-3.141.59.jar;C:\Users\Mypc\.m2\repository\net\bytebuddy\byte-buddy\1.8.15\byte-bu
Launcher Type: SUN_STANDARD

[Global flags]
     intx CICompilerCount                          = 3                                         {product} {ergonomic}
     uint ConcGCThreads                            = 1                                         {product} {ergonomic}
     uint G1ConcRefinementThreads                  = 4                                         {product} {ergonomic}
   size_t G1HeapRegionSize                         = 1048576                                   {product} {ergonomic}
    uintx GCDrainStackTargetSize                   = 64                                        {product} {ergonomic}
   size_t InitialHeapSize                          = 67108864                                  {product} {ergonomic}
   size_t MarkStackSize                            = 4194304                                   {product} {ergonomic}
   size_t MaxHeapSize                              = 1050673152                                {product} {ergonomic}
   size_t MaxNewSize                               = 630194176                                 {product} {ergonomic}
   size_t MinHeapDeltaBytes                        = 1048576                                   {product} {ergonomic}
   size_t MinHeapSize                              = 8388608                                   {product} {ergonomic}
    uintx NonNMethodCodeHeapSize                   = 5832780                                {pd product} {ergonomic}
    uintx NonProfiledCodeHeapSize                  = 122912730                              {pd product} {ergonomic}
    uintx ProfiledCodeHeapSize                     = 122912730                              {pd product} {ergonomic}
    uintx ReservedCodeCacheSize                    = 251658240                              {pd product} {ergonomic}
     bool SegmentedCodeCache                       = true                                      {product} {ergonomic}
     bool ShowCodeDetailsInExceptionMessages       = true                                   {manageable} {command line}
   size_t SoftMaxHeapSize                          = 1050673152                             {manageable} {ergonomic}
     bool UseCompressedClassPointers               = true                           {product lp64_product} {ergonomic}
     bool UseCompressedOops                        = true                           {product lp64_product} {ergonomic}
     bool UseG1GC                                  = true                                      {product} {ergonomic}
     bool UseLargePagesIndividualAllocation        = false                                  {pd product} {ergonomic}

Logging:
Log output configuration:
 #0: stdout all=warning uptime,level,tags
 #1: stderr all=off uptime,level,tags

Environment Variables:
JAVA_HOME=C:\Program Files\Java\jdk1.8.0_291
PATH=C:/testyantra/SDET/eclipse-java-2021-06-R-win32-x86_64 (1)/eclipse//plugins/org.eclipse.justj.openjdk.hotspot.jre.full.win32.x86_64_16.0.1.v20210528-1205/jre/bin/server;C:/testyantra/SDET/eclipse-java-2021-06-R-win32-x86_64 (1)/eclipse//plugins/org.eclipse.justj.openjdk.hotspot.jre.full.win32.x86_64_16.0.1.v20210528-1205/jre/bin;C:\Program Files (x86)\Common Files\Oracle\Java\javapath;D:\oracle\product\10.2.0\db_1\bin;C:\Program Files\Java\jdk1.8.0_202\bin;C:\Program Files\Java\jdk1.8.0_291\bin;C:\Program Files\apache-maven-3.8.4\bin;C:\Program Files\Java\jdk1.8.0_221\bin;C:\Program Files (x86)\WinRAR;C:\Windows\system32;C:\Windows;C:\Windows\System32\Wbem;C:\Windows\System32\WindowsPowerShell\v1.0" /M;C:\testyantra\SDET\eclipse-java-2021-06-R-win32-x86_64 (1)\eclipse;
USERNAME=Mypc
OS=Windows_NT
PROCESSOR_IDENTIFIER=Intel64 Family 6 Model 42 Stepping 7, GenuineIntel



---------------  S Y S T E M  ---------------

OS:
 Windows 7 , 64 bit Build 7601 (6.1.7601.17514)
OS uptime: 0 days 7:26 hours

CPU: total 4 (initial active 4) (2 cores per cpu, 2 threads per core) family 6 model 42 stepping 7 microcode 0x0, cx8, cmov, fxsr, ht, mmx, sse, sse2, sse3, ssse3, sse4.1, sse4.2, popcnt, tsc, tscinvbit, avx, aes, clmul, vzeroupper, clflush

Memory: 4k page, system-wide physical 4003M (909M free)
TotalPageFile size 8021M (AvailPageFile size 10M)
current process WorkingSet (physical memory assigned to process): 128M, peak: 145M
current process commit charge ("private bytes"): 158M, peak: 174M

vm_info: OpenJDK 64-Bit Server VM (16.0.1+9-24) for windows-amd64 JRE (16.0.1+9-24), built on Mar 26 2021 19:30:07 by "mach5one" with MS VC++ 16.7 (VS2019)

END.
